<?xml version="1.0" encoding="UTF-8"?>
<!-- Generated by org.testng.reporters.JUnitReportReporter -->
<testsuite hostname="SAURABH" failures="0" tests="1" name="RealTimeProjectBatch1.Batch1RealTimeProject.AppTest" time="0.012" errors="0" timestamp="2025-05-04T08:20:03 IST" skipped="0">
  <testcase classname="RealTimeProjectBatch1.Batch1RealTimeProject.AppTest" name="shouldAnswerWithTrue" time="0.012"/>
  <system-out/>
</testsuite> <!-- RealTimeProjectBatch1.Batch1RealTimeProject.AppTest -->
