<?xml version="1.0" encoding="UTF-8"?>
<!-- Generated by org.testng.reporters.JUnitReportReporter -->
<testsuite hostname="DESKTOP-35QI2EL" failures="0" tests="1" name="testClasses.SampleTest" time="0.042" errors="0" timestamp="2025-04-26T22:53:54 IST" skipped="0">
  <testcase classname="testClasses.SampleTest" name="demoTest" time="0.042"/>
  <system-out/>
</testsuite> <!-- testClasses.SampleTest -->
