<?xml version="1.0" encoding="UTF-8"?>
<!-- Generated by org.testng.reporters.JUnitReportReporter -->
<testsuite hostname="SAURABH" failures="0" tests="1" name="testClasses.LoginTest" time="9.333" errors="0" timestamp="2025-05-03T07:52:32 IST" skipped="0">
  <testcase classname="testClasses.LoginTest" name="executeLoginTest" time="9.333"/>
  <system-out>
    <![CDATA[My Test Case got passed]]>
  </system-out>
</testsuite> <!-- testClasses.LoginTest -->
