<?xml version="1.0" encoding="UTF-8"?>
<!-- Generated by org.testng.reporters.JUnitReportReporter -->
<testsuite hostname="SAURABH" failures="0" tests="2" name="testClasses.RegisterPatientTest" time="58.604" errors="0" timestamp="2025-05-03T07:49:00 IST" skipped="0">
  <testcase classname="testClasses.RegisterPatientTest" name="addPatient" time="23.837"/>
  <system-out>
    <![CDATA[My Test Case got passed]]>
  </system-out>
  <testcase classname="testClasses.RegisterPatientTest" name="addPatient" time="34.767"/>
  <system-out>
    <![CDATA[My Test Case got passed]]>
  </system-out>
</testsuite> <!-- testClasses.RegisterPatientTest -->
